2024-11-24 02:58:16,988 - mqtt-data-collector - Запуск программы...
2024-11-24 02:58:16,988 - mqtt-data-collector - Задаем логин и пароль...
2024-11-24 02:58:16,988 - mqtt-data-collector - Подключение к брокеру...
2024-11-24 02:58:16,993 - mqtt-data-collector - MQTT лог: Sending CONNECT (u1, p1, wr0, wq0, wf0, c1, k60) client_id=b'DataCollector'
2024-11-24 02:58:16,994 - mqtt-data-collector - MQTT лог: Received CONNACK (0, 0)
2024-11-24 02:58:16,994 - mqtt-data-collector - on_connect вызван с кодом: 0
2024-11-24 02:58:16,994 - mqtt-data-collector - Успешное подключение к брокеру
2024-11-24 02:58:17,000 - mqtt-data-collector - MQTT лог: Sending UNSUBSCRIBE (d0, m1) [b'#']
2024-11-24 02:58:17,000 - mqtt-data-collector - Топики из базы:, [(1, 'waterlevel/test'), (2, 'waterlevel/test1')]
2024-11-24 02:58:17,000 - mqtt-data-collector - MQTT лог: Received UNSUBACK (Mid: 1)
2024-11-24 02:58:17,001 - mqtt-data-collector - MQTT лог: Sending SUBSCRIBE (d0, m2) [(b'waterlevel/test', 0)]
2024-11-24 02:58:17,001 - mqtt-data-collector - Подписка на waterlevel/test
2024-11-24 02:58:17,001 - mqtt-data-collector - MQTT лог: Sending SUBSCRIBE (d0, m3) [(b'waterlevel/test1', 0)]
2024-11-24 02:58:17,001 - mqtt-data-collector - Подписка на waterlevel/test1
2024-11-24 02:58:17,001 - mqtt-data-collector - MQTT лог: Received SUBACK
2024-11-24 02:58:17,001 - mqtt-data-collector - Подписка выполнена: mid=2, QoS=(0,)
2024-11-24 02:58:17,002 - mqtt-data-collector - MQTT лог: Received SUBACK
2024-11-24 02:58:17,002 - mqtt-data-collector - Подписка выполнена: mid=3, QoS=(0,)
2024-11-24 02:58:19,000 - mqtt-data-collector - MQTT лог: Sending CONNECT (u1, p1, wr0, wq0, wf0, c1, k60) client_id=b'DataCollector'
2024-11-24 02:58:19,001 - mqtt-data-collector - MQTT лог: Received CONNACK (0, 0)
2024-11-24 02:58:19,001 - mqtt-data-collector - on_connect вызван с кодом: 0
2024-11-24 02:58:19,001 - mqtt-data-collector - Успешное подключение к брокеру
2024-11-24 02:58:21,007 - mqtt-data-collector - MQTT лог: Sending CONNECT (u1, p1, wr0, wq0, wf0, c1, k60) client_id=b'DataCollector'
2024-11-24 02:58:21,007 - mqtt-data-collector - MQTT лог: Received CONNACK (0, 0)
2024-11-24 02:58:21,008 - mqtt-data-collector - on_connect вызван с кодом: 0
2024-11-24 02:58:21,008 - mqtt-data-collector - Успешное подключение к брокеру
2024-11-24 02:58:22,007 - mqtt-data-collector - MQTT лог: Sending UNSUBSCRIBE (d0, m4) [b'#']
2024-11-24 02:58:22,007 - mqtt-data-collector - Топики из базы:, [(1, 'waterlevel/test'), (2, 'waterlevel/test1')]
2024-11-24 02:58:22,007 - mqtt-data-collector - MQTT лог: Received UNSUBACK (Mid: 4)
2024-11-24 02:58:22,008 - mqtt-data-collector - MQTT лог: Sending SUBSCRIBE (d0, m5) [(b'waterlevel/test', 0)]
2024-11-24 02:58:22,008 - mqtt-data-collector - Подписка на waterlevel/test
2024-11-24 02:58:22,008 - mqtt-data-collector - MQTT лог: Sending SUBSCRIBE (d0, m6) [(b'waterlevel/test1', 0)]
2024-11-24 02:58:22,008 - mqtt-data-collector - Подписка на waterlevel/test1
2024-11-24 02:58:22,008 - mqtt-data-collector - MQTT лог: Received SUBACK
2024-11-24 02:58:22,008 - mqtt-data-collector - Подписка выполнена: mid=5, QoS=(0,)
2024-11-24 02:58:22,009 - mqtt-data-collector - MQTT лог: Received SUBACK
2024-11-24 02:58:22,009 - mqtt-data-collector - Подписка выполнена: mid=6, QoS=(0,)
2024-11-24 02:58:23,015 - mqtt-data-collector - MQTT лог: Sending CONNECT (u1, p1, wr0, wq0, wf0, c1, k60) client_id=b'DataCollector'
2024-11-24 02:58:23,015 - mqtt-data-collector - MQTT лог: Received CONNACK (0, 0)
2024-11-24 02:58:23,015 - mqtt-data-collector - on_connect вызван с кодом: 0
2024-11-24 02:58:23,016 - mqtt-data-collector - Успешное подключение к брокеру
2024-11-24 02:58:23,741 - mqtt-data-collector - Отключение клиента
